2025-08-30 02:21:49 [error] Uncaught (in promise) TypeError: Cannot read properties of undefined (reading 'AboutWindow')
2025-08-30 02:21:50 [warn] Error with Permissions-Policy header: Unrecognized feature: 'ambient-light-sensor'.
2025-08-30 02:21:50 [warn] Error with Permissions-Policy header: Unrecognized feature: 'document-domain'.
2025-08-30 02:21:50 [warn] Error with Permissions-Policy header: Unrecognized feature: 'speaker-selection'.
2025-08-30 02:21:50 [warn] Error with Permissions-Policy header: Unrecognized feature: 'web-share'.
2025-08-30 02:21:53 [warn] [Intercom] The App ID in your code snippet has not been set. Set it to your App ID found in settings to complete installation: https://app.intercom.com/a/apps/_/settings/web
2025-08-30 18:54:09 [warn] Error with Permissions-Policy header: Unrecognized feature: 'ambient-light-sensor'.
2025-08-30 18:54:09 [warn] Error with Permissions-Policy header: Unrecognized feature: 'document-domain'.
2025-08-30 18:54:09 [warn] Error with Permissions-Policy header: Unrecognized feature: 'speaker-selection'.
2025-08-30 18:54:09 [warn] Error with Permissions-Policy header: Unrecognized feature: 'web-share'.
2025-08-30 18:54:12 [warn] [Intercom] The App ID in your code snippet has not been set. Set it to your App ID found in settings to complete installation: https://app.intercom.com/a/apps/_/settings/web
2025-08-30 18:54:34 [warn] Error with Permissions-Policy header: Unrecognized feature: 'ambient-light-sensor'.
2025-08-30 18:54:34 [warn] Error with Permissions-Policy header: Unrecognized feature: 'document-domain'.
2025-08-30 18:54:34 [warn] Error with Permissions-Policy header: Unrecognized feature: 'speaker-selection'.
2025-08-30 18:54:34 [warn] Error with Permissions-Policy header: Unrecognized feature: 'web-share'.
2025-08-30 18:54:35 [warn] [Intercom] The App ID in your code snippet has not been set. Set it to your App ID found in settings to complete installation: https://app.intercom.com/a/apps/_/settings/web
2025-08-30 18:54:49 [warn] Error with Permissions-Policy header: Unrecognized feature: 'ambient-light-sensor'.
2025-08-30 18:54:49 [warn] Error with Permissions-Policy header: Unrecognized feature: 'document-domain'.
2025-08-30 18:54:49 [warn] Error with Permissions-Policy header: Unrecognized feature: 'speaker-selection'.
2025-08-30 18:54:49 [warn] Error with Permissions-Policy header: Unrecognized feature: 'web-share'.
2025-08-30 18:54:49 [warn] An iframe which has both allow-scripts and allow-same-origin for its sandbox attribute can escape its sandboxing.
2025-08-30 18:54:50 [error] `DialogContent` requires a `DialogTitle` for the component to be accessible for screen reader users.

If you want to hide the `DialogTitle`, you can wrap it with our VisuallyHidden component.

For more information, see https://radix-ui.com/primitives/docs/components/dialog
2025-08-30 18:54:50 [warn] Warning: Missing `Description` or `aria-describedby={undefined}` for {DialogContent}.
2025-08-30 18:54:50 [error] Potential permissions policy violation: payment is not allowed in this document.
2025-08-30 18:54:52 [error] Potential permissions policy violation: payment is not allowed in this document.
2025-08-30 18:55:36 [warn] Warning: Missing `Description` or `aria-describedby={undefined}` for {DialogContent}.
2025-08-30 18:55:49 [warn] Warning: Missing `Description` or `aria-describedby={undefined}` for {DialogContent}.
